   1               		.file	"led.c"
   2               	__SP_H__ = 0x3e
   3               	__SP_L__ = 0x3d
   4               	__SREG__ = 0x3f
   5               	__tmp_reg__ = 0
   6               	__zero_reg__ = 1
   7               		.text
   8               	.Ltext0:
   9               		.cfi_sections	.debug_frame
  10               		.section	.text.led_set,"ax",@progbits
  11               	.global	led_set
  13               	led_set:
  14               	.LFB0:
  15               		.file 1 "led.c"
   1:led.c         **** /*
   2:led.c         **** Copyright 2012 Jun Wako <wakojun@gmail.com>
   3:led.c         **** 
   4:led.c         **** This program is free software: you can redistribute it and/or modify
   5:led.c         **** it under the terms of the GNU General Public License as published by
   6:led.c         **** the Free Software Foundation, either version 2 of the License, or
   7:led.c         **** (at your option) any later version.
   8:led.c         **** 
   9:led.c         **** This program is distributed in the hope that it will be useful,
  10:led.c         **** but WITHOUT ANY WARRANTY; without even the implied warranty of
  11:led.c         **** MERCHANTABILITY or FITNESS FOR A PARTICULAR PURPOSE.  See the
  12:led.c         **** GNU General Public License for more details.
  13:led.c         **** 
  14:led.c         **** You should have received a copy of the GNU General Public License
  15:led.c         **** along with this program.  If not, see <http://www.gnu.org/licenses/>.
  16:led.c         **** */
  17:led.c         **** 
  18:led.c         **** #include <avr/io.h>
  19:led.c         **** #include "stdint.h"
  20:led.c         **** #include "led.h"
  21:led.c         **** 
  22:led.c         **** 
  23:led.c         **** void led_set(uint8_t usb_led)
  24:led.c         **** {/*
  16               		.loc 1 24 0
  17               		.cfi_startproc
  18               	.LVL0:
  19               	/* prologue: function */
  20               	/* frame size = 0 */
  21               	/* stack size = 0 */
  22               	.L__stack_usage = 0
  23               	/* epilogue start */
  25:led.c         **** 	temp. commented out for lack of a led
  26:led.c         **** 	
  27:led.c         ****     if (usb_led & (1<<USB_LED_CAPS_LOCK)) {
  28:led.c         ****         // output low
  29:led.c         ****         DDRB |= (1<<2);
  30:led.c         ****         PORTB &= ~(1<<2);
  31:led.c         ****     } else {
  32:led.c         ****         // Hi-Z
  33:led.c         ****         DDRB &= ~(1<<2);
  34:led.c         ****         PORTB &= ~(1<<2);
  35:led.c         ****     }*/
  36:led.c         **** }
  24               		.loc 1 36 0
  25 0000 0895      		ret
  26               		.cfi_endproc
  27               	.LFE0:
  29               		.text
  30               	.Letext0:
  31               		.file 2 "c:\\avr-gcc-7.2.0-x64-mingw\\avr\\include\\stdint.h"
DEFINED SYMBOLS
                            *ABS*:0000000000000000 led.c
C:\cygwin\tmp\ccbbKo77.s:2      *ABS*:000000000000003e __SP_H__
C:\cygwin\tmp\ccbbKo77.s:3      *ABS*:000000000000003d __SP_L__
C:\cygwin\tmp\ccbbKo77.s:4      *ABS*:000000000000003f __SREG__
C:\cygwin\tmp\ccbbKo77.s:5      *ABS*:0000000000000000 __tmp_reg__
C:\cygwin\tmp\ccbbKo77.s:6      *ABS*:0000000000000001 __zero_reg__
C:\cygwin\tmp\ccbbKo77.s:13     .text.led_set:0000000000000000 led_set

NO UNDEFINED SYMBOLS
