   1               		.file	"matrix.c"
   2               	__SP_H__ = 0x3e
   3               	__SP_L__ = 0x3d
   4               	__SREG__ = 0x3f
   5               	__tmp_reg__ = 0
   6               	__zero_reg__ = 1
   7               		.text
   8               	.Ltext0:
   9               		.cfi_sections	.debug_frame
  10               		.section	.text.matrix_rows,"ax",@progbits
  11               		.weak	matrix_rows
  13               	matrix_rows:
  14               	.LFB1:
  15               		.file 1 "../../tmk_core/common/matrix.c"
   1:../../tmk_core/common/matrix.c **** /*
   2:../../tmk_core/common/matrix.c **** Copyright 2016 Jun Wako <wakojun@gmail.com>
   3:../../tmk_core/common/matrix.c **** 
   4:../../tmk_core/common/matrix.c **** This program is free software: you can redistribute it and/or modify
   5:../../tmk_core/common/matrix.c **** it under the terms of the GNU General Public License as published by
   6:../../tmk_core/common/matrix.c **** the Free Software Foundation, either version 2 of the License, or
   7:../../tmk_core/common/matrix.c **** (at your option) any later version.
   8:../../tmk_core/common/matrix.c **** 
   9:../../tmk_core/common/matrix.c **** This program is distributed in the hope that it will be useful,
  10:../../tmk_core/common/matrix.c **** but WITHOUT ANY WARRANTY; without even the implied warranty of
  11:../../tmk_core/common/matrix.c **** MERCHANTABILITY or FITNESS FOR A PARTICULAR PURPOSE.  See the
  12:../../tmk_core/common/matrix.c **** GNU General Public License for more details.
  13:../../tmk_core/common/matrix.c **** 
  14:../../tmk_core/common/matrix.c **** You should have received a copy of the GNU General Public License
  15:../../tmk_core/common/matrix.c **** along with this program.  If not, see <http://www.gnu.org/licenses/>.
  16:../../tmk_core/common/matrix.c **** */
  17:../../tmk_core/common/matrix.c **** #include "print.h"
  18:../../tmk_core/common/matrix.c **** #include "matrix.h"
  19:../../tmk_core/common/matrix.c **** 
  20:../../tmk_core/common/matrix.c **** 
  21:../../tmk_core/common/matrix.c **** __attribute__ ((weak))
  22:../../tmk_core/common/matrix.c **** uint8_t matrix_rows(void)
  23:../../tmk_core/common/matrix.c **** {
  16               		.loc 1 23 0
  17               		.cfi_startproc
  18               	/* prologue: function */
  19               	/* frame size = 0 */
  20               	/* stack size = 0 */
  21               	.L__stack_usage = 0
  24:../../tmk_core/common/matrix.c ****     return MATRIX_ROWS;
  25:../../tmk_core/common/matrix.c **** }
  22               		.loc 1 25 0
  23 0000 86E0      		ldi r24,lo8(6)
  24               	/* epilogue start */
  25 0002 0895      		ret
  26               		.cfi_endproc
  27               	.LFE1:
  29               		.section	.text.matrix_cols,"ax",@progbits
  30               		.weak	matrix_cols
  32               	matrix_cols:
  33               	.LFB2:
  26:../../tmk_core/common/matrix.c **** 
  27:../../tmk_core/common/matrix.c **** __attribute__ ((weak))
  28:../../tmk_core/common/matrix.c **** uint8_t matrix_cols(void)
  29:../../tmk_core/common/matrix.c **** {
  34               		.loc 1 29 0
  35               		.cfi_startproc
  36               	/* prologue: function */
  37               	/* frame size = 0 */
  38               	/* stack size = 0 */
  39               	.L__stack_usage = 0
  30:../../tmk_core/common/matrix.c ****     return MATRIX_COLS;
  31:../../tmk_core/common/matrix.c **** }
  40               		.loc 1 31 0
  41 0000 82E1      		ldi r24,lo8(18)
  42               	/* epilogue start */
  43 0002 0895      		ret
  44               		.cfi_endproc
  45               	.LFE2:
  47               		.section	.text.matrix_clear,"ax",@progbits
  48               		.weak	matrix_clear
  50               	matrix_clear:
  51               	.LFB10:
  52               		.cfi_startproc
  53               	/* prologue: function */
  54               	/* frame size = 0 */
  55               	/* stack size = 0 */
  56               	.L__stack_usage = 0
  57               	/* epilogue start */
  58 0000 0895      		ret
  59               		.cfi_endproc
  60               	.LFE10:
  62               		.section	.text.matrix_setup,"ax",@progbits
  63               		.weak	matrix_setup
  65               	matrix_setup:
  66               	.LFB4:
  32:../../tmk_core/common/matrix.c **** 
  33:../../tmk_core/common/matrix.c **** __attribute__ ((weak))
  34:../../tmk_core/common/matrix.c **** void matrix_clear(void)
  35:../../tmk_core/common/matrix.c **** {
  36:../../tmk_core/common/matrix.c **** }
  37:../../tmk_core/common/matrix.c **** 
  38:../../tmk_core/common/matrix.c **** __attribute__ ((weak))
  39:../../tmk_core/common/matrix.c **** void matrix_setup(void) {}
  67               		.loc 1 39 0
  68               		.cfi_startproc
  69               	/* prologue: function */
  70               	/* frame size = 0 */
  71               	/* stack size = 0 */
  72               	.L__stack_usage = 0
  73               	/* epilogue start */
  74               		.loc 1 39 0
  75 0000 0895      		ret
  76               		.cfi_endproc
  77               	.LFE4:
  79               		.section	.text.matrix_is_on,"ax",@progbits
  80               		.weak	matrix_is_on
  82               	matrix_is_on:
  83               	.LFB5:
  40:../../tmk_core/common/matrix.c **** 
  41:../../tmk_core/common/matrix.c **** __attribute__ ((weak))
  42:../../tmk_core/common/matrix.c **** bool matrix_is_on(uint8_t row, uint8_t col)
  43:../../tmk_core/common/matrix.c **** {
  84               		.loc 1 43 0
  85               		.cfi_startproc
  86               	.LVL0:
  87 0000 CF93      		push r28
  88               	.LCFI0:
  89               		.cfi_def_cfa_offset 3
  90               		.cfi_offset 28, -2
  91               	/* prologue: function */
  92               	/* frame size = 0 */
  93               	/* stack size = 1 */
  94               	.L__stack_usage = 1
  95 0002 C62F      		mov r28,r22
  44:../../tmk_core/common/matrix.c ****     return (matrix_get_row(row) & (1<<col));
  96               		.loc 1 44 0
  97 0004 0E94 0000 		call matrix_get_row
  98               	.LVL1:
  99 0008 AB01      		movw r20,r22
 100 000a BC01      		movw r22,r24
 101 000c 81E0      		ldi r24,lo8(1)
 102 000e 90E0      		ldi r25,0
 103 0010 00C0      		rjmp 2f
 104               		1:
 105 0012 880F      		lsl r24
 106 0014 991F      		rol r25
 107               		2:
 108 0016 CA95      		dec r28
 109 0018 02F4      		brpl 1b
 110 001a 092E      		mov __tmp_reg__,r25
 111 001c 000C      		lsl r0
 112 001e AA0B      		sbc r26,r26
 113 0020 BB0B      		sbc r27,r27
 114 0022 8423      		and r24,r20
 115 0024 9523      		and r25,r21
 116 0026 A623      		and r26,r22
 117 0028 B723      		and r27,r23
 118 002a 21E0      		ldi r18,lo8(1)
 119 002c 892B      		or r24,r25
 120 002e 8A2B      		or r24,r26
 121 0030 8B2B      		or r24,r27
 122 0032 01F4      		brne .L6
 123 0034 20E0      		ldi r18,0
 124               	.L6:
  45:../../tmk_core/common/matrix.c **** }
 125               		.loc 1 45 0
 126 0036 822F      		mov r24,r18
 127               	/* epilogue start */
 128 0038 CF91      		pop r28
 129               	.LVL2:
 130 003a 0895      		ret
 131               		.cfi_endproc
 132               	.LFE5:
 134               		.section	.rodata.matrix_print.str1.1,"aMS",@progbits,1
 135               	.LC0:
 136 0000 00        		.string	""
 137               		.section	.text.matrix_print,"ax",@progbits
 138               		.weak	matrix_print
 140               	matrix_print:
 141               	.LFB6:
  46:../../tmk_core/common/matrix.c **** 
  47:../../tmk_core/common/matrix.c **** __attribute__ ((weak))
  48:../../tmk_core/common/matrix.c **** void matrix_print(void)
  49:../../tmk_core/common/matrix.c **** {
 142               		.loc 1 49 0
 143               		.cfi_startproc
 144 0000 EF92      		push r14
 145               	.LCFI1:
 146               		.cfi_def_cfa_offset 3
 147               		.cfi_offset 14, -2
 148 0002 FF92      		push r15
 149               	.LCFI2:
 150               		.cfi_def_cfa_offset 4
 151               		.cfi_offset 15, -3
 152 0004 0F93      		push r16
 153               	.LCFI3:
 154               		.cfi_def_cfa_offset 5
 155               		.cfi_offset 16, -4
 156 0006 1F93      		push r17
 157               	.LCFI4:
 158               		.cfi_def_cfa_offset 6
 159               		.cfi_offset 17, -5
 160 0008 CF93      		push r28
 161               	.LCFI5:
 162               		.cfi_def_cfa_offset 7
 163               		.cfi_offset 28, -6
 164 000a DF93      		push r29
 165               	.LCFI6:
 166               		.cfi_def_cfa_offset 8
 167               		.cfi_offset 29, -7
 168               	/* prologue: function */
 169               	/* frame size = 0 */
 170               	/* stack size = 6 */
 171               	.L__stack_usage = 6
  50:../../tmk_core/common/matrix.c **** #if (MATRIX_COLS <= 8)
  51:../../tmk_core/common/matrix.c ****     print("r/c 01234567\n");
  52:../../tmk_core/common/matrix.c **** #elif (MATRIX_COLS <= 16)
  53:../../tmk_core/common/matrix.c ****     print("r/c 0123456789ABCDEF\n");
  54:../../tmk_core/common/matrix.c **** #elif (MATRIX_COLS <= 32)
  55:../../tmk_core/common/matrix.c ****     print("r/c 0123456789ABCDEF0123456789ABCDEF\n");
 172               		.loc 1 55 0
 173 000c 80E0      		ldi r24,lo8(__c.1744)
 174 000e 90E0      		ldi r25,hi8(__c.1744)
 175 0010 0E94 0000 		call xputs
 176 0014 D0E0      		ldi r29,0
 177 0016 C0E0      		ldi r28,0
 178               	.LBB2:
  56:../../tmk_core/common/matrix.c **** #endif
  57:../../tmk_core/common/matrix.c **** 
  58:../../tmk_core/common/matrix.c ****     for (uint8_t row = 0; row < MATRIX_ROWS; row++) {
  59:../../tmk_core/common/matrix.c **** 
  60:../../tmk_core/common/matrix.c **** #if (MATRIX_COLS <= 8)
  61:../../tmk_core/common/matrix.c ****         xprintf("%02X: %08b%s\n", row, bitrev(matrix_get_row(row)),
  62:../../tmk_core/common/matrix.c **** #elif (MATRIX_COLS <= 16)
  63:../../tmk_core/common/matrix.c ****         xprintf("%02X: %016b%s\n", row, bitrev16(matrix_get_row(row)),
  64:../../tmk_core/common/matrix.c **** #elif (MATRIX_COLS <= 32)
  65:../../tmk_core/common/matrix.c ****         xprintf("%02X: %032b%s\n", row, bitrev32(matrix_get_row(row)),
 179               		.loc 1 65 0
 180 0018 80E0      		ldi r24,lo8(.LC0)
 181 001a E82E      		mov r14,r24
 182 001c 80E0      		ldi r24,hi8(.LC0)
 183 001e F82E      		mov r15,r24
 184 0020 00E0      		ldi r16,lo8(__c.1747)
 185 0022 10E0      		ldi r17,hi8(__c.1747)
 186               	.L8:
 187               		.loc 1 65 0 is_stmt 0 discriminator 3
 188 0024 8C2F      		mov r24,r28
 189 0026 0E94 0000 		call matrix_get_row
 190 002a 0E94 0000 		call bitrev32
 191 002e FF92      		push r15
 192               	.LCFI7:
 193               		.cfi_def_cfa_offset 9
 194 0030 EF92      		push r14
 195               	.LCFI8:
 196               		.cfi_def_cfa_offset 10
 197 0032 9F93      		push r25
 198               	.LCFI9:
 199               		.cfi_def_cfa_offset 11
 200 0034 8F93      		push r24
 201               	.LCFI10:
 202               		.cfi_def_cfa_offset 12
 203 0036 7F93      		push r23
 204               	.LCFI11:
 205               		.cfi_def_cfa_offset 13
 206 0038 6F93      		push r22
 207               	.LCFI12:
 208               		.cfi_def_cfa_offset 14
 209 003a DF93      		push r29
 210               	.LCFI13:
 211               		.cfi_def_cfa_offset 15
 212 003c CF93      		push r28
 213               	.LCFI14:
 214               		.cfi_def_cfa_offset 16
 215 003e 1F93      		push r17
 216               	.LCFI15:
 217               		.cfi_def_cfa_offset 17
 218 0040 0F93      		push r16
 219               	.LCFI16:
 220               		.cfi_def_cfa_offset 18
 221 0042 0E94 0000 		call __xprintf
 222 0046 2196      		adiw r28,1
  58:../../tmk_core/common/matrix.c **** 
 223               		.loc 1 58 0 is_stmt 1 discriminator 3
 224 0048 8DB7      		in r24,__SP_L__
 225 004a 9EB7      		in r25,__SP_H__
 226 004c 0A96      		adiw r24,10
 227 004e 0FB6      		in __tmp_reg__,__SREG__
 228 0050 F894      		cli
 229 0052 9EBF      		out __SP_H__,r25
 230 0054 0FBE      		out __SREG__,__tmp_reg__
 231 0056 8DBF      		out __SP_L__,r24
 232               	.LCFI17:
 233               		.cfi_def_cfa_offset 8
 234 0058 C630      		cpi r28,6
 235 005a D105      		cpc r29,__zero_reg__
 236 005c 01F4      		brne .L8
 237               	/* epilogue start */
 238               	.LBE2:
  66:../../tmk_core/common/matrix.c **** #endif
  67:../../tmk_core/common/matrix.c **** #ifdef MATRIX_HAS_GHOST
  68:../../tmk_core/common/matrix.c ****         matrix_has_ghost_in_row(row) ?  " <ghost" : ""
  69:../../tmk_core/common/matrix.c **** #else
  70:../../tmk_core/common/matrix.c ****         ""
  71:../../tmk_core/common/matrix.c **** #endif
  72:../../tmk_core/common/matrix.c ****         );
  73:../../tmk_core/common/matrix.c ****     }
  74:../../tmk_core/common/matrix.c **** }
 239               		.loc 1 74 0
 240 005e DF91      		pop r29
 241 0060 CF91      		pop r28
 242 0062 1F91      		pop r17
 243 0064 0F91      		pop r16
 244 0066 FF90      		pop r15
 245 0068 EF90      		pop r14
 246 006a 0895      		ret
 247               		.cfi_endproc
 248               	.LFE6:
 250               		.section	.text.matrix_power_up,"ax",@progbits
 251               		.weak	matrix_power_up
 253               	matrix_power_up:
 254               	.LFB12:
 255               		.cfi_startproc
 256               	/* prologue: function */
 257               	/* frame size = 0 */
 258               	/* stack size = 0 */
 259               	.L__stack_usage = 0
 260               	/* epilogue start */
 261 0000 0895      		ret
 262               		.cfi_endproc
 263               	.LFE12:
 265               		.section	.text.matrix_power_down,"ax",@progbits
 266               		.weak	matrix_power_down
 268               	matrix_power_down:
 269               	.LFB14:
 270               		.cfi_startproc
 271               	/* prologue: function */
 272               	/* frame size = 0 */
 273               	/* stack size = 0 */
 274               	.L__stack_usage = 0
 275               	/* epilogue start */
 276 0000 0895      		ret
 277               		.cfi_endproc
 278               	.LFE14:
 280               		.section	.progmem.data.__c.1747,"a",@progbits
 283               	__c.1747:
 284 0000 2530 3258 		.string	"%02X: %032b%s\n"
 284      3A20 2530 
 284      3332 6225 
 284      730A 00
 285               		.section	.progmem.data.__c.1744,"a",@progbits
 288               	__c.1744:
 289 0000 722F 6320 		.string	"r/c 0123456789ABCDEF0123456789ABCDEF\n"
 289      3031 3233 
 289      3435 3637 
 289      3839 4142 
 289      4344 4546 
 290               		.text
 291               	.Letext0:
 292               		.file 2 "c:\\avr-gcc-7.2.0-x64-mingw\\avr\\include\\stdint.h"
 293               		.file 3 "../../tmk_core/common/avr/xprintf.h"
 294               		.file 4 "../../tmk_core/common/matrix.h"
DEFINED SYMBOLS
                            *ABS*:0000000000000000 matrix.c
C:\cygwin\tmp\ccJeiDFa.s:2      *ABS*:000000000000003e __SP_H__
C:\cygwin\tmp\ccJeiDFa.s:3      *ABS*:000000000000003d __SP_L__
C:\cygwin\tmp\ccJeiDFa.s:4      *ABS*:000000000000003f __SREG__
C:\cygwin\tmp\ccJeiDFa.s:5      *ABS*:0000000000000000 __tmp_reg__
C:\cygwin\tmp\ccJeiDFa.s:6      *ABS*:0000000000000001 __zero_reg__
C:\cygwin\tmp\ccJeiDFa.s:13     .text.matrix_rows:0000000000000000 matrix_rows
C:\cygwin\tmp\ccJeiDFa.s:32     .text.matrix_cols:0000000000000000 matrix_cols
C:\cygwin\tmp\ccJeiDFa.s:50     .text.matrix_clear:0000000000000000 matrix_clear
C:\cygwin\tmp\ccJeiDFa.s:65     .text.matrix_setup:0000000000000000 matrix_setup
C:\cygwin\tmp\ccJeiDFa.s:82     .text.matrix_is_on:0000000000000000 matrix_is_on
C:\cygwin\tmp\ccJeiDFa.s:140    .text.matrix_print:0000000000000000 matrix_print
C:\cygwin\tmp\ccJeiDFa.s:288    .progmem.data.__c.1744:0000000000000000 __c.1744
C:\cygwin\tmp\ccJeiDFa.s:283    .progmem.data.__c.1747:0000000000000000 __c.1747
C:\cygwin\tmp\ccJeiDFa.s:253    .text.matrix_power_up:0000000000000000 matrix_power_up
C:\cygwin\tmp\ccJeiDFa.s:268    .text.matrix_power_down:0000000000000000 matrix_power_down

UNDEFINED SYMBOLS
matrix_get_row
xputs
bitrev32
__xprintf
__do_copy_data
